<?xml version="1.0" encoding="UTF-8"?>
<!-- Generated by org.testng.reporters.JUnitReportReporter -->
<testsuite hostname="MacBook-Pro-de-Maor-3.local" failures="0" tests="2" name="cs.pc.RegistrarAppTest" time="0.081" errors="0" timestamp="2020-10-08T10:11:16 PET" skipped="0">
  <testcase classname="cs.pc.RegistrarAppTest" name="testCase0" time="0.043"/>
  <system-out/>
  <testcase classname="cs.pc.RegistrarAppTest" name="testCase1" time="0.038"/>
  <system-out/>
</testsuite> <!-- cs.pc.RegistrarAppTest -->
